<?xml version="1.0" encoding="UTF-8"?>
<testng-results ignored="0" total="1" passed="1" failed="0" skipped="0">
  <reporter-output>
  </reporter-output>
  <suite started-at="2023-08-03T00:33:02 EDT" name="Default suite" finished-at="2023-08-03T00:33:16 EDT" duration-ms="14336">
    <groups>
    </groups>
    <test started-at="2023-08-03T00:33:02 EDT" name="Default test" finished-at="2023-08-03T00:33:16 EDT" duration-ms="14336">
      <class name="QA_Test_pkg.D_newlyFoundLinks">
        <test-method signature="D_newlyFoundLinksTest()[pri:0, instance:QA_Test_pkg.D_newlyFoundLinks@2beee7ff]" started-at="2023-08-03T00:33:02 EDT" name="D_newlyFoundLinksTest" finished-at="2023-08-03T00:33:16 EDT" duration-ms="14298" status="PASS">
          <reporter-output>
          </reporter-output>
        </test-method> <!-- D_newlyFoundLinksTest -->
      </class> <!-- QA_Test_pkg.D_newlyFoundLinks -->
    </test> <!-- Default test -->
  </suite> <!-- Default suite -->
</testng-results>
